Removed Pin From Net: NetName=GND Pin=R4-1
Removed Pin From Net: NetName=VCC Pin=T1-2
Removed Pin From Net: NetName=VCC Pin=T2-1
Removed Pin From Net: NetName=Net*_1 Pin=T2-2
Removed Pin From Net: NetName=GPIO2 Pin=T2-3
Removed Pin From Net: NetName=GPIO1 Pin=T3-1
Removed Pin From Net: NetName=VCC Pin=T3-2
Removed Pin From Net: NetName=NetJ1_5 Pin=T3-3
Removed Member From Class: ClassName=TTK8 Member=R2
Removed Member From Class: ClassName=TTK8 Member=R3
Removed Member From Class: ClassName=TTK8 Member=R4
Removed Member From Class: ClassName=TTK8 Member=T1
Removed Member From Class: ClassName=TTK8 Member=T2
Removed Member From Class: ClassName=TTK8 Member=T3
Change Component Footprint: Designator=T? Old Footprint=2N7002 New Footprint=DMP1045U
Change Component Comment : Designator=T? Old Comment=N-CHANNEL MOSFET New Comment=DMP1045U
Change component parameters: Designator = "T?"; Footprint = "DMP1045U"; UniqueID = "\FLLMYMPU"
Change component parameters. Clean all parameters for all variants
Change component parameters (AddParameter): Name = "Cont. drain current"; Value = "5.2A"; VariantName = "[No Variations]"
Change component parameters (AddParameter): Name = "Supplier 1"; Value = "Farnell"; VariantName = "[No Variations]"
Change component parameters (AddParameter): Name = "Supplier Part Number 1"; Value = "2061526"; VariantName = "[No Variations]"
Change component parameters (AddParameter): Name = "Threshold voltage"; Value = "-550mV"; VariantName = "[No Variations]"
Added Component: Designator=T(DMP1045U)
Add component. Clean all parameters for all variants
Add component (AddParameter): Name = "Cont. drain current"; Value = "5.2A"; VariantName = "[No Variations]"
Add component (AddParameter): Name = "Supplier 1"; Value = "Farnell"; VariantName = "[No Variations]"
Add component (AddParameter): Name = "Supplier Part Number 1"; Value = "2061526"; VariantName = "[No Variations]"
Add component (AddParameter): Name = "Threshold voltage"; Value = "-550mV"; VariantName = "[No Variations]"
Added Pin To Net: NetName=GPIO1 Pin=T-1
Added Pin To Net: NetName=VCC Pin=T-2
Added Pin To Net: NetName=NetJ1_5 Pin=T-3
Added Pin To Net: NetName=GPIO2 Pin=T?-1
Added Pin To Net: NetName=VCC Pin=T?-2
Added Pin To Net: NetName=Net*_1 Pin=T?-3
Added Member To Class: ClassName=TTK8 Member=Component T DMP1045U
