Removed Pin From Net: NetName=VCC Pin=R2-2
Removed Pin From Net: NetName=GND Pin=R3-1
Removed Pin From Net: NetName=NetMCU1_36 Pin=reg1-3
Removed Pin From Net: NetName=NetMCU1_36 Pin=reg1-5
Removed Pin From Net: NetName=VCC Pin=T2-2
Removed Pin From Net: NetName=Net*1_1 Pin=T-2
Removed Pin From Net: NetName=NetMCU1_36 Pin=T-3
Removed Member From Class: ClassName=TTK8 Member=T
Change Component Footprint: Designator=R3 Old Footprint=R0603 New Footprint=RESC0603(1608)_N
Change Component Comment : Designator=R3 Old Comment=CPF-A-0603B100KE1 New Comment=174k
Change Component Designator: OldDesignator=* NewDesignator=U1
Change component parameters: Designator = "R3"; Footprint = "RESC0603(1608)_N"; UniqueID = "\YLZCVWUT"
Change component parameters. Clean all parameters for all variants
Change component parameters (AddParameter): Name = "antall"; Value = "1200"; VariantName = "[No Variations]"
Change component parameters (AddParameter): Name = "dybde"; Value = "3"; VariantName = "[No Variations]"
Change component parameters (AddParameter): Name = "hylle"; Value = "6"; VariantName = "[No Variations]"
Change component parameters (AddParameter): Name = "id"; Value = "5264"; VariantName = "[No Variations]"
Change component parameters (AddParameter): Name = "komponenttype"; Value = "1"; VariantName = "[No Variations]"
Change component parameters (AddParameter): Name = "lager_type"; Value = "Baklager"; VariantName = "[No Variations]"
Change component parameters (AddParameter): Name = "leverandor"; Value = "Farnell"; VariantName = "[No Variations]"
Change component parameters (AddParameter): Name = "leverandor_varenr"; Value = "2447230"; VariantName = "[No Variations]"
Change component parameters (AddParameter): Name = "navn"; Value = "10k"; VariantName = "[No Variations]"
Change component parameters (AddParameter): Name = "nokkelord"; Value = "Resistor Motstand"; VariantName = "[No Variations]"
Change component parameters (AddParameter): Name = "pakke_opprettet"; Value = "08.07.2014 21:15:30"; VariantName = "[No Variations]"
Change component parameters (AddParameter): Name = "pakke_opprettet_av"; Value = "815"; VariantName = "[No Variations]"
Change component parameters (AddParameter): Name = "pakketype"; Value = "0603"; VariantName = "[No Variations]"
Change component parameters (AddParameter): Name = "pris"; Value = "0"; VariantName = "[No Variations]"
Change component parameters (AddParameter): Name = "produsent"; Value = "Multikomp"; VariantName = "[No Variations]"
Change component parameters (AddParameter): Name = "rad"; Value = "1"; VariantName = "[No Variations]"
Change component parameters (AddParameter): Name = "rom"; Value = "OV"; VariantName = "[No Variations]"
Change component parameters (AddParameter): Name = "symbol_opprettet"; Value = "08.07.2014 21:16:33"; VariantName = "[No Variations]"
Change component parameters (AddParameter): Name = "symbol_opprettet_av"; Value = "815"; VariantName = "[No Variations]"
Added Component: Designator=C2(C0603)
Add component. Clean all parameters for all variants
Add component (AddParameter): Name = "Value"; Value = "100nF"; VariantName = "[No Variations]"
Added Component: Designator=C10(C0603)
Add component. Clean all parameters for all variants
Add component (AddParameter): Name = "Value"; Value = "100nF"; VariantName = "[No Variations]"
Added Component: Designator=R4(RESC0603(1608)_N)
Add component. Clean all parameters for all variants
Add component (AddParameter): Name = "antall"; Value = "1200"; VariantName = "[No Variations]"
Add component (AddParameter): Name = "dybde"; Value = "3"; VariantName = "[No Variations]"
Add component (AddParameter): Name = "hylle"; Value = "6"; VariantName = "[No Variations]"
Add component (AddParameter): Name = "id"; Value = "5264"; VariantName = "[No Variations]"
Add component (AddParameter): Name = "komponenttype"; Value = "1"; VariantName = "[No Variations]"
Add component (AddParameter): Name = "lager_type"; Value = "Baklager"; VariantName = "[No Variations]"
Add component (AddParameter): Name = "leverandor"; Value = "Farnell"; VariantName = "[No Variations]"
Add component (AddParameter): Name = "leverandor_varenr"; Value = "2447230"; VariantName = "[No Variations]"
Add component (AddParameter): Name = "navn"; Value = "10k"; VariantName = "[No Variations]"
Add component (AddParameter): Name = "nokkelord"; Value = "Resistor Motstand"; VariantName = "[No Variations]"
Add component (AddParameter): Name = "pakke_opprettet"; Value = "08.07.2014 21:15:30"; VariantName = "[No Variations]"
Add component (AddParameter): Name = "pakke_opprettet_av"; Value = "815"; VariantName = "[No Variations]"
Add component (AddParameter): Name = "pakketype"; Value = "0603"; VariantName = "[No Variations]"
Add component (AddParameter): Name = "pris"; Value = "0"; VariantName = "[No Variations]"
Add component (AddParameter): Name = "produsent"; Value = "Multikomp"; VariantName = "[No Variations]"
Add component (AddParameter): Name = "rad"; Value = "1"; VariantName = "[No Variations]"
Add component (AddParameter): Name = "rom"; Value = "OV"; VariantName = "[No Variations]"
Add component (AddParameter): Name = "symbol_opprettet"; Value = "08.07.2014 21:16:33"; VariantName = "[No Variations]"
Add component (AddParameter): Name = "symbol_opprettet_av"; Value = "815"; VariantName = "[No Variations]"
Added Component: Designator=U2(NCP718ASN250T1G)
Add component. Clean all parameters for all variants
Added Pin To Net: NetName=GND Pin=C2-1
Added Pin To Net: NetName=VCC Pin=C2-2
Added Pin To Net: NetName=GND Pin=C10-1
Added Pin To Net: NetName=Net*1_1 Pin=C10-2
Added Pin To Net: NetName=NetMCU1_36 Pin=R3-1
Added Pin To Net: NetName=Net*1_1 Pin=R3-2
Added Pin To Net: NetName=GND Pin=R4-1
Added Pin To Net: NetName=NetMCU1_36 Pin=R4-2
Added Pin To Net: NetName=Net*1_1 Pin=reg1-3
Added Pin To Net: NetName=Net*1_1 Pin=reg1-5
Added Pin To Net: NetName=Net*1_1 Pin=U2-1
Added Pin To Net: NetName=GND Pin=U2-2
Added Pin To Net: NetName=Net*1_1 Pin=U2-3
Added Pin To Net: NetName=GND Pin=U2-4
Added Pin To Net: NetName=VCC Pin=U2-5
Added Pin To Net: NetName=NetR2_2 Pin=R2-2
Added Pin To Net: NetName=NetR2_2 Pin=T2-2
Added Net: Name=NetR2_2
Added Member To Class: ClassName=TTK8 Member=Component C2 02016D104KAT2A
Added Member To Class: ClassName=TTK8 Member=Component C10 02016D104KAT2A
Added Member To Class: ClassName=TTK8 Member=Component R4 225k
Added Member To Class: ClassName=TTK8 Member=Component U2 NCP718ASN250T1G
