Added Component: Designator=C8(CAPC0603(1608)55_N)
Add component. Clean all parameters for all variants
Add component (AddParameter): Name = "antall"; Value = "1000"; VariantName = "[No Variations]"
Add component (AddParameter): Name = "dybde"; Value = "0"; VariantName = "[No Variations]"
Add component (AddParameter): Name = "hylle"; Value = "0"; VariantName = "[No Variations]"
Add component (AddParameter): Name = "id"; Value = "5152"; VariantName = "[No Variations]"
Add component (AddParameter): Name = "komponenttype"; Value = "2"; VariantName = "[No Variations]"
Add component (AddParameter): Name = "lager_type"; Value = "Baklager"; VariantName = "[No Variations]"
Add component (AddParameter): Name = "leverandor"; Value = "Farnell"; VariantName = "[No Variations]"
Add component (AddParameter): Name = "leverandor_varenr"; Value = "1759122"; VariantName = "[No Variations]"
Add component (AddParameter): Name = "navn"; Value = "100nF"; VariantName = "[No Variations]"
Add component (AddParameter): Name = "nokkelord"; Value = "Kondensator, Capacitor, CAP"; VariantName = "[No Variations]"
Add component (AddParameter): Name = "pakke_opprettet"; Value = "18.02.2015 14:18:13"; VariantName = "[No Variations]"
Add component (AddParameter): Name = "pakke_opprettet_av"; Value = "815"; VariantName = "[No Variations]"
Add component (AddParameter): Name = "pakketype"; Value = "0603"; VariantName = "[No Variations]"
Add component (AddParameter): Name = "pris"; Value = "1"; VariantName = "[No Variations]"
Add component (AddParameter): Name = "produsent"; Value = "Multikomp"; VariantName = "[No Variations]"
Add component (AddParameter): Name = "rad"; Value = "21"; VariantName = "[No Variations]"
Add component (AddParameter): Name = "rom"; Value = "OV"; VariantName = "[No Variations]"
Add component (AddParameter): Name = "symbol_opprettet"; Value = "14.11.2014 20:19:34"; VariantName = "[No Variations]"
Add component (AddParameter): Name = "symbol_opprettet_av"; Value = "815"; VariantName = "[No Variations]"
Added Component: Designator=L(Inductor 0603)
Add component. Clean all parameters for all variants
Add component (AddParameter): Name = "Value"; Value = "10uH"; VariantName = "[No Variations]"
Added Pin To Net: NetName=VCC Pin=L-2
Added Pin To Net: NetName=NetC8_2 Pin=C8-2
Added Pin To Net: NetName=NetC8_2 Pin=L-1
Added Pin To Net: NetName=NetC8_2 Pin=MCU-27
Added Net: Name=NetC8_2
Added Member To Class: ClassName=TTK8 Member=Component C8 100nF
Added Member To Class: ClassName=TTK8 Member=Component L MLZ1608A2R2WT
