Change Component Designator: OldDesignator=HL NewDesignator=HL1
Change Component Designator: OldDesignator=HR NewDesignator=HR1
Change Component Designator: OldDesignator=U? NewDesignator=U1
Added Component: Designator=C1(C0603)
Add component. Clean all parameters for all variants
Add component (AddParameter): Name = "Value"; Value = "100nF"; VariantName = "[No Variations]"
Added Component: Designator=C2(C0603)
Add component. Clean all parameters for all variants
Add component (AddParameter): Name = "Value"; Value = "100nF"; VariantName = "[No Variations]"
Added Component: Designator=RFH1(*MOLEX_1661)
Add component. Clean all parameters for all variants
Add component (AddParameter): Name = "Availability"; Value = "Unavailable"; VariantName = "[No Variations]"
Add component (AddParameter): Name = "MF"; Value = "Keystone Electronics"; VariantName = "[No Variations]"
Add component (AddParameter): Name = "MP"; Value = "1661"; VariantName = "[No Variations]"
Add component (AddParameter): Name = "Package"; Value = "None"; VariantName = "[No Variations]"
Add component (AddParameter): Name = "Price"; Value = "None"; VariantName = "[No Variations]"
Add component (AddParameter): Name = "SnapEDA_Link"; Value = "https://www.snapeda.com/parts/1661/Keystone%20Electronics/view-part/?ref=snap"; VariantName = "[No Variations]"
Add component (AddParameter): Name = "Value"; Value = ""; VariantName = "[No Variations]"
Added Component: Designator=RFL1(*MOLEX_1661)
Add component. Clean all parameters for all variants
Add component (AddParameter): Name = "Availability"; Value = "Unavailable"; VariantName = "[No Variations]"
Add component (AddParameter): Name = "MF"; Value = "Keystone Electronics"; VariantName = "[No Variations]"
Add component (AddParameter): Name = "MP"; Value = "1661"; VariantName = "[No Variations]"
Add component (AddParameter): Name = "Package"; Value = "None"; VariantName = "[No Variations]"
Add component (AddParameter): Name = "Price"; Value = "None"; VariantName = "[No Variations]"
Add component (AddParameter): Name = "SnapEDA_Link"; Value = "https://www.snapeda.com/parts/1661/Keystone%20Electronics/view-part/?ref=snap"; VariantName = "[No Variations]"
Add component (AddParameter): Name = "Value"; Value = ""; VariantName = "[No Variations]"
Added Pin To Net: NetName=GND Pin=C1-1
Added Pin To Net: NetName=VCC Pin=C1-2
Added Pin To Net: NetName=GND Pin=C2-1
Added Pin To Net: NetName=VCC Pin=C2-2
Added Pin To Net: NetName=NetRFH1_2 Pin=RFH1-2
Added Pin To Net: NetName=NetRFH1_2 Pin=RFH1-3
Added Pin To Net: NetName=NetRFH1_2 Pin=RFH1-4
Added Net: Name=NetRFH1_2
Added Pin To Net: NetName=NetRFL1_2 Pin=RFL1-2
Added Pin To Net: NetName=NetRFL1_2 Pin=RFL1-3
Added Pin To Net: NetName=NetRFL1_2 Pin=RFL1-4
Added Net: Name=NetRFL1_2
Added Pin To Net: NetName=RFH Pin=RFH1-1
Added Pin To Net: NetName=RFH Pin=U1-23
Added Net: Name=RFH
Added Pin To Net: NetName=RFL Pin=RFL1-1
Added Pin To Net: NetName=RFL Pin=U1-25
Added Net: Name=RFL
