Removed Pin From Net: NetName=RFH Pin=RFH1-1
Removed Pin From Net: NetName=RFL Pin=RFL1-1
Change Component Designator: OldDesignator=LoRa module NewDesignator=U1
Added Component: Designator=R1(*U.FL-R-SMT_U.FL-R-SMT(Primary))
Add component. Clean all parameters for all variants
Add component (AddParameter): Name = "Availability"; Value = "Unavailable"; VariantName = "[No Variations]"
Add component (AddParameter): Name = "MF"; Value = "Hirose Electric"; VariantName = "[No Variations]"
Add component (AddParameter): Name = "MP"; Value = "U.FL-R-SMT"; VariantName = "[No Variations]"
Add component (AddParameter): Name = "Package"; Value = "None"; VariantName = "[No Variations]"
Add component (AddParameter): Name = "Price"; Value = "None"; VariantName = "[No Variations]"
Add component (AddParameter): Name = "SnapEDA_Link"; Value = "https://www.snapeda.com/parts/U.FL-R-SMT/Hirose%20Electric%20Co%20Ltd/view-part/?ref=snap"; VariantName = "[No Variations]"
Add component (AddParameter): Name = "Value"; Value = ""; VariantName = "[No Variations]"
Added Component: Designator=R2(*U.FL-R-SMT_U.FL-R-SMT(Primary))
Add component. Clean all parameters for all variants
Add component (AddParameter): Name = "Availability"; Value = "Unavailable"; VariantName = "[No Variations]"
Add component (AddParameter): Name = "MF"; Value = "Hirose Electric"; VariantName = "[No Variations]"
Add component (AddParameter): Name = "MP"; Value = "U.FL-R-SMT"; VariantName = "[No Variations]"
Add component (AddParameter): Name = "Package"; Value = "None"; VariantName = "[No Variations]"
Add component (AddParameter): Name = "Price"; Value = "None"; VariantName = "[No Variations]"
Add component (AddParameter): Name = "SnapEDA_Link"; Value = "https://www.snapeda.com/parts/U.FL-R-SMT/Hirose%20Electric%20Co%20Ltd/view-part/?ref=snap"; VariantName = "[No Variations]"
Add component (AddParameter): Name = "Value"; Value = ""; VariantName = "[No Variations]"
Added Pin To Net: NetName=RFL Pin=R1-P$1
Added Pin To Net: NetName=RFH Pin=R2-P$1
